This is pdfTeX, Version 3.141592653-2.6-1.40.26 (TeX Live 2024/nixos.org) (preloaded format=pdflatex 1980.1.1)  6 FEB 2025 12:30
entering extended mode
 restricted \write18 enabled.
 file:line:error style messages enabled.
 %&-line parsing enabled.
**"/home/aier/.dotfiles/aierLaTeX/Learning LaTeX/LearningLaTeX/learningLaTeX.tex"
(/home/aier/.dotfiles/aierLaTeX/Learning LaTeX/LearningLaTeX/learningLaTeX.tex
LaTeX2e <2024-06-01> patch level 2
L3 programming layer <2024-10-09>
(/nix/store/mhm2m55hkcigi9fv8801i58wjajqnndy-texlive-2024-env-texmfdist/tex/latex/base/article.cls
Document Class: article 2024/02/08 v1.4n Standard LaTeX document class
(/nix/store/mhm2m55hkcigi9fv8801i58wjajqnndy-texlive-2024-env-texmfdist/tex/latex/base/size12.clo
File: size12.clo 2024/02/08 v1.4n Standard LaTeX file (size option)
)
\c@part=\count194
\c@section=\count195
\c@subsection=\count196
\c@subsubsection=\count197
\c@paragraph=\count198
\c@subparagraph=\count199
\c@figure=\count266
\c@table=\count267
\abovecaptionskip=\skip49
\belowcaptionskip=\skip50
\bibindent=\dimen141
) (/nix/store/mhm2m55hkcigi9fv8801i58wjajqnndy-texlive-2024-env-texmfdist/tex/latex/amsmath/amsmath.sty
Package: amsmath 2024/05/23 v2.17q AMS math features
\@mathmargin=\skip51

For additional information on amsmath, use the `?' option.
(/nix/store/mhm2m55hkcigi9fv8801i58wjajqnndy-texlive-2024-env-texmfdist/tex/latex/amsmath/amstext.sty
Package: amstext 2021/08/26 v2.01 AMS text
 (/nix/store/mhm2m55hkcigi9fv8801i58wjajqnndy-texlive-2024-env-texmfdist/tex/latex/amsmath/amsgen.sty
File: amsgen.sty 1999/11/30 v2.0 generic functions
\@emptytoks=\toks17
\ex@=\dimen142
)) (/nix/store/mhm2m55hkcigi9fv8801i58wjajqnndy-texlive-2024-env-texmfdist/tex/latex/amsmath/amsbsy.sty
Package: amsbsy 1999/11/29 v1.2d Bold Symbols
\pmbraise@=\dimen143
) (/nix/store/mhm2m55hkcigi9fv8801i58wjajqnndy-texlive-2024-env-texmfdist/tex/latex/amsmath/amsopn.sty
Package: amsopn 2022/04/08 v2.04 operator names
)
\inf@bad=\count268
LaTeX Info: Redefining \frac on input line 233.
\uproot@=\count269
\leftroot@=\count270
LaTeX Info: Redefining \overline on input line 398.
LaTeX Info: Redefining \colon on input line 409.
\classnum@=\count271
\DOTSCASE@=\count272
LaTeX Info: Redefining \ldots on input line 495.
LaTeX Info: Redefining \dots on input line 498.
LaTeX Info: Redefining \cdots on input line 619.
\Mathstrutbox@=\box52
\strutbox@=\box53
LaTeX Info: Redefining \big on input line 721.
LaTeX Info: Redefining \Big on input line 722.
LaTeX Info: Redefining \bigg on input line 723.
LaTeX Info: Redefining \Bigg on input line 724.
\big@size=\dimen144
LaTeX Font Info:    Redeclaring font encoding OML on input line 742.
LaTeX Font Info:    Redeclaring font encoding OMS on input line 743.
\macc@depth=\count273
LaTeX Info: Redefining \bmod on input line 904.
LaTeX Info: Redefining \pmod on input line 909.
LaTeX Info: Redefining \smash on input line 939.
LaTeX Info: Redefining \relbar on input line 969.
LaTeX Info: Redefining \Relbar on input line 970.
\c@MaxMatrixCols=\count274
\dotsspace@=\muskip17
\c@parentequation=\count275
\dspbrk@lvl=\count276
\tag@help=\toks18
\row@=\count277
\column@=\count278
\maxfields@=\count279
\andhelp@=\toks19
\eqnshift@=\dimen145
\alignsep@=\dimen146
\tagshift@=\dimen147
\tagwidth@=\dimen148
\totwidth@=\dimen149
\lineht@=\dimen150
\@envbody=\toks20
\multlinegap=\skip52
\multlinetaggap=\skip53
\mathdisplay@stack=\toks21
LaTeX Info: Redefining \[ on input line 2953.
LaTeX Info: Redefining \] on input line 2954.
) (/nix/store/mhm2m55hkcigi9fv8801i58wjajqnndy-texlive-2024-env-texmfdist/tex/latex/amsfonts/amssymb.sty
Package: amssymb 2013/01/14 v3.01 AMS font symbols
 (/nix/store/mhm2m55hkcigi9fv8801i58wjajqnndy-texlive-2024-env-texmfdist/tex/latex/amsfonts/amsfonts.sty
Package: amsfonts 2013/01/14 v3.01 Basic AMSFonts support
\symAMSa=\mathgroup4
\symAMSb=\mathgroup5
LaTeX Font Info:    Redeclaring math symbol \hbar on input line 98.
LaTeX Font Info:    Overwriting math alphabet `\mathfrak' in version `bold'
(Font)                  U/euf/m/n --> U/euf/b/n on input line 106.
)) (/nix/store/mhm2m55hkcigi9fv8801i58wjajqnndy-texlive-2024-env-texmfdist/tex/latex/float/float.sty
Package: float 2001/11/08 v1.3d Float enhancements (AL)
\c@float@type=\count280
\float@exts=\toks22
\float@box=\box54
\@float@everytoks=\toks23
\@floatcapt=\box55
) (/nix/store/mhm2m55hkcigi9fv8801i58wjajqnndy-texlive-2024-env-texmfdist/tex/latex/tools/enumerate.sty
Package: enumerate 2023/07/04 v3.00 enumerate extensions (DPC)
\@enLab=\toks24
) (/nix/store/mhm2m55hkcigi9fv8801i58wjajqnndy-texlive-2024-env-texmfdist/tex/generic/ulem/ulem.sty
\UL@box=\box56
\UL@hyphenbox=\box57
\UL@skip=\skip54
\UL@hook=\toks25
\UL@height=\dimen151
\UL@pe=\count281
\UL@pixel=\dimen152
\ULC@box=\box58
Package: ulem 2019/11/18
\ULdepth=\dimen153
) (/nix/store/mhm2m55hkcigi9fv8801i58wjajqnndy-texlive-2024-env-texmfdist/tex/latex/textcase/textcase.sty
Package: textcase 2023/07/27 v1.04 Text only upper/lower case changing (DPC)
Package textcase Info: Defining Legacy names on input line 20.
) (/nix/store/mhm2m55hkcigi9fv8801i58wjajqnndy-texlive-2024-env-texmfdist/tex/latex/hyperref/hyperref.sty
Package: hyperref 2024-07-10 v7.01j Hypertext links for LaTeX
 (/nix/store/mhm2m55hkcigi9fv8801i58wjajqnndy-texlive-2024-env-texmfdist/tex/generic/iftex/iftex.sty
Package: iftex 2022/02/03 v1.0f TeX engine tests
) (/nix/store/mhm2m55hkcigi9fv8801i58wjajqnndy-texlive-2024-env-texmfdist/tex/latex/graphics/keyval.sty
Package: keyval 2022/05/29 v1.15 key=value parser (DPC)
\KV@toks@=\toks26
) (/nix/store/mhm2m55hkcigi9fv8801i58wjajqnndy-texlive-2024-env-texmfdist/tex/latex/kvsetkeys/kvsetkeys.sty
Package: kvsetkeys 2022-10-05 v1.19 Key value parser (HO)
) (/nix/store/mhm2m55hkcigi9fv8801i58wjajqnndy-texlive-2024-env-texmfdist/tex/generic/kvdefinekeys/kvdefinekeys.sty
Package: kvdefinekeys 2019-12-19 v1.6 Define keys (HO)
) (/nix/store/mhm2m55hkcigi9fv8801i58wjajqnndy-texlive-2024-env-texmfdist/tex/generic/pdfescape/pdfescape.sty
Package: pdfescape 2019/12/09 v1.15 Implements pdfTeX's escape features (HO)
 (/nix/store/mhm2m55hkcigi9fv8801i58wjajqnndy-texlive-2024-env-texmfdist/tex/generic/ltxcmds/ltxcmds.sty
Package: ltxcmds 2023-12-04 v1.26 LaTeX kernel commands for general use (HO)
) (/nix/store/mhm2m55hkcigi9fv8801i58wjajqnndy-texlive-2024-env-texmfdist/tex/generic/pdftexcmds/pdftexcmds.sty
Package: pdftexcmds 2020-06-27 v0.33 Utility functions of pdfTeX for LuaTeX (HO)
 (/nix/store/mhm2m55hkcigi9fv8801i58wjajqnndy-texlive-2024-env-texmfdist/tex/generic/infwarerr/infwarerr.sty
Package: infwarerr 2019/12/03 v1.5 Providing info/warning/error messages (HO)
)
Package pdftexcmds Info: \pdf@primitive is available.
Package pdftexcmds Info: \pdf@ifprimitive is available.
Package pdftexcmds Info: \pdfdraftmode found.
)) (/nix/store/mhm2m55hkcigi9fv8801i58wjajqnndy-texlive-2024-env-texmfdist/tex/latex/hycolor/hycolor.sty
Package: hycolor 2020-01-27 v1.10 Color options for hyperref/bookmark (HO)
) (/nix/store/mhm2m55hkcigi9fv8801i58wjajqnndy-texlive-2024-env-texmfdist/tex/latex/hyperref/nameref.sty
Package: nameref 2023-11-26 v2.56 Cross-referencing by name of section
 (/nix/store/mhm2m55hkcigi9fv8801i58wjajqnndy-texlive-2024-env-texmfdist/tex/latex/refcount/refcount.sty
Package: refcount 2019/12/15 v3.6 Data extraction from label references (HO)
) (/nix/store/mhm2m55hkcigi9fv8801i58wjajqnndy-texlive-2024-env-texmfdist/tex/generic/gettitlestring/gettitlestring.sty
Package: gettitlestring 2019/12/15 v1.6 Cleanup title references (HO)
 (/nix/store/mhm2m55hkcigi9fv8801i58wjajqnndy-texlive-2024-env-texmfdist/tex/latex/kvoptions/kvoptions.sty
Package: kvoptions 2022-06-15 v3.15 Key value format for package options (HO)
))
\c@section@level=\count282
) (/nix/store/mhm2m55hkcigi9fv8801i58wjajqnndy-texlive-2024-env-texmfdist/tex/latex/etoolbox/etoolbox.sty
Package: etoolbox 2020/10/05 v2.5k e-TeX tools for LaTeX (JAW)
\etb@tempcnta=\count283
) (/nix/store/mhm2m55hkcigi9fv8801i58wjajqnndy-texlive-2024-env-texmfdist/tex/generic/stringenc/stringenc.sty
Package: stringenc 2019/11/29 v1.12 Convert strings between diff. encodings (HO)
)
\@linkdim=\dimen154
\Hy@linkcounter=\count284
\Hy@pagecounter=\count285
 (/nix/store/mhm2m55hkcigi9fv8801i58wjajqnndy-texlive-2024-env-texmfdist/tex/latex/hyperref/pd1enc.def
File: pd1enc.def 2024-07-10 v7.01j Hyperref: PDFDocEncoding definition (HO)
Now handling font encoding PD1 ...
... no UTF-8 mapping file for font encoding PD1
) (/nix/store/mhm2m55hkcigi9fv8801i58wjajqnndy-texlive-2024-env-texmfdist/tex/generic/intcalc/intcalc.sty
Package: intcalc 2019/12/15 v1.3 Expandable calculations with integers (HO)
)
\Hy@SavedSpaceFactor=\count286
 (/nix/store/mhm2m55hkcigi9fv8801i58wjajqnndy-texlive-2024-env-texmfdist/tex/latex/hyperref/puenc.def
File: puenc.def 2024-07-10 v7.01j Hyperref: PDF Unicode definition (HO)
Now handling font encoding PU ...
... no UTF-8 mapping file for font encoding PU
)
Package hyperref Info: Hyper figures OFF on input line 4157.
Package hyperref Info: Link nesting OFF on input line 4162.
Package hyperref Info: Hyper index ON on input line 4165.
Package hyperref Info: Plain pages OFF on input line 4172.
Package hyperref Info: Backreferencing OFF on input line 4177.
Package hyperref Info: Implicit mode ON; LaTeX internals redefined.
Package hyperref Info: Bookmarks ON on input line 4424.
\c@Hy@tempcnt=\count287
 (/nix/store/mhm2m55hkcigi9fv8801i58wjajqnndy-texlive-2024-env-texmfdist/tex/latex/url/url.sty
\Urlmuskip=\muskip18
Package: url 2013/09/16  ver 3.4  Verb mode for urls, etc.
)
LaTeX Info: Redefining \url on input line 4763.
\XeTeXLinkMargin=\dimen155
 (/nix/store/mhm2m55hkcigi9fv8801i58wjajqnndy-texlive-2024-env-texmfdist/tex/generic/bitset/bitset.sty
Package: bitset 2019/12/09 v1.3 Handle bit-vector datatype (HO)
 (/nix/store/mhm2m55hkcigi9fv8801i58wjajqnndy-texlive-2024-env-texmfdist/tex/generic/bigintcalc/bigintcalc.sty
Package: bigintcalc 2019/12/15 v1.5 Expandable calculations on big integers (HO)
))
\Fld@menulength=\count288
\Field@Width=\dimen156
\Fld@charsize=\dimen157
Package hyperref Info: Hyper figures OFF on input line 6042.
Package hyperref Info: Link nesting OFF on input line 6047.
Package hyperref Info: Hyper index ON on input line 6050.
Package hyperref Info: backreferencing OFF on input line 6057.
Package hyperref Info: Link coloring OFF on input line 6062.
Package hyperref Info: Link coloring with OCG OFF on input line 6067.
Package hyperref Info: PDF/A mode OFF on input line 6072.
 (/nix/store/mhm2m55hkcigi9fv8801i58wjajqnndy-texlive-2024-env-texmfdist/tex/latex/base/atbegshi-ltx.sty
Package: atbegshi-ltx 2021/01/10 v1.0c Emulation of the original atbegshi
package with kernel methods
)
\Hy@abspage=\count289
\c@Item=\count290
\c@Hfootnote=\count291
)
Package hyperref Info: Driver (autodetected): hpdftex.
 (/nix/store/mhm2m55hkcigi9fv8801i58wjajqnndy-texlive-2024-env-texmfdist/tex/latex/hyperref/hpdftex.def
File: hpdftex.def 2024-07-10 v7.01j Hyperref driver for pdfTeX
 (/nix/store/mhm2m55hkcigi9fv8801i58wjajqnndy-texlive-2024-env-texmfdist/tex/latex/base/atveryend-ltx.sty
Package: atveryend-ltx 2020/08/19 v1.0a Emulation of the original atveryend package
with kernel methods
)
\Fld@listcount=\count292
\c@bookmark@seq@number=\count293
 (/nix/store/mhm2m55hkcigi9fv8801i58wjajqnndy-texlive-2024-env-texmfdist/tex/latex/rerunfilecheck/rerunfilecheck.sty
Package: rerunfilecheck 2022-07-10 v1.10 Rerun checks for auxiliary files (HO)
 (/nix/store/mhm2m55hkcigi9fv8801i58wjajqnndy-texlive-2024-env-texmfdist/tex/generic/uniquecounter/uniquecounter.sty
Package: uniquecounter 2019/12/15 v1.4 Provide unlimited unique counter (HO)
)
Package uniquecounter Info: New unique counter `rerunfilecheck' on input line 285.
)
\Hy@SectionHShift=\skip55
) (/nix/store/mhm2m55hkcigi9fv8801i58wjajqnndy-texlive-2024-env-texmfdist/tex/generic/babel/babel.sty
Package: babel 2024/10/20 v24.12 The multilingual framework for pdfLaTeX, LuaLaTeX and XeLaTeX
\babel@savecnt=\count294
\U@D=\dimen158
\l@unhyphenated=\language89
 (/nix/store/mhm2m55hkcigi9fv8801i58wjajqnndy-texlive-2024-env-texmfdist/tex/generic/babel/txtbabel.def)
\bbl@readstream=\read2
\bbl@dirlevel=\count295
 (/nix/store/mhm2m55hkcigi9fv8801i58wjajqnndy-texlive-2024-env-texmfdist/tex/generic/babel-english/english.ldf
Language: english 2017/06/06 v3.3r English support from the babel system
Package babel Info: Hyphen rules for 'canadian' set to \l@english
(babel)             (\language0). Reported on input line 102.
Package babel Info: Hyphen rules for 'australian' set to \l@ukenglish
(babel)             (\language23). Reported on input line 105.
Package babel Info: Hyphen rules for 'newzealand' set to \l@ukenglish
(babel)             (\language23). Reported on input line 108.
)) (/nix/store/mhm2m55hkcigi9fv8801i58wjajqnndy-texlive-2024-env-texmfdist/tex/generic/babel/locale/en/babel-english.tex
Package babel Info: Importing font and identification data for english
(babel)             from babel-en.ini. Reported on input line 11.
) (/nix/store/mhm2m55hkcigi9fv8801i58wjajqnndy-texlive-2024-env-texmfdist/tex/latex/l3backend/l3backend-pdftex.def
File: l3backend-pdftex.def 2024-05-08 L3 backend support: PDF output (pdfTeX)
\l__color_backend_stack_int=\count296
\l__pdf_internal_box=\box59
) (./learningLaTeX.aux)
\openout1 = `learningLaTeX.aux'.

LaTeX Font Info:    Checking defaults for OML/cmm/m/it on input line 20.
LaTeX Font Info:    ... okay on input line 20.
LaTeX Font Info:    Checking defaults for OMS/cmsy/m/n on input line 20.
LaTeX Font Info:    ... okay on input line 20.
LaTeX Font Info:    Checking defaults for OT1/cmr/m/n on input line 20.
LaTeX Font Info:    ... okay on input line 20.
LaTeX Font Info:    Checking defaults for T1/cmr/m/n on input line 20.
LaTeX Font Info:    ... okay on input line 20.
LaTeX Font Info:    Checking defaults for TS1/cmr/m/n on input line 20.
LaTeX Font Info:    ... okay on input line 20.
LaTeX Font Info:    Checking defaults for OMX/cmex/m/n on input line 20.
LaTeX Font Info:    ... okay on input line 20.
LaTeX Font Info:    Checking defaults for U/cmr/m/n on input line 20.
LaTeX Font Info:    ... okay on input line 20.
LaTeX Font Info:    Checking defaults for PD1/pdf/m/n on input line 20.
LaTeX Font Info:    ... okay on input line 20.
LaTeX Font Info:    Checking defaults for PU/pdf/m/n on input line 20.
LaTeX Font Info:    ... okay on input line 20.
Package hyperref Info: Link coloring OFF on input line 20.
 (./learningLaTeX.out) (./learningLaTeX.out)
\@outlinefile=\write3
\openout3 = `learningLaTeX.out'.

LaTeX Font Info:    Trying to load font information for U+msa on input line 24.
 (/nix/store/mhm2m55hkcigi9fv8801i58wjajqnndy-texlive-2024-env-texmfdist/tex/latex/amsfonts/umsa.fd
File: umsa.fd 2013/01/14 v3.01 AMS symbols A
)
LaTeX Font Info:    Trying to load font information for U+msb on input line 24.
 (/nix/store/mhm2m55hkcigi9fv8801i58wjajqnndy-texlive-2024-env-texmfdist/tex/latex/amsfonts/umsb.fd
File: umsb.fd 2013/01/14 v3.01 AMS symbols B
)

[1

{/nix/store/5rc4hlpdb3fvs75ih15gfwlv0ph1rzbn-texlive-2024-env/share/texmf-var/fonts/map/pdftex/updmap/pdftex.map}] (./learningLaTeX.toc)
\tf@toc=\write4
\openout4 = `learningLaTeX.toc'.



[2]

[3]
LaTeX Font Info:    Trying to load font information for OMS+cmr on input line 72.
 (/nix/store/mhm2m55hkcigi9fv8801i58wjajqnndy-texlive-2024-env-texmfdist/tex/latex/base/omscmr.fd
File: omscmr.fd 2023/04/13 v2.5m Standard LaTeX font definitions
)
LaTeX Font Info:    Font shape `OMS/cmr/m/n' in size <12> not available
(Font)              Font shape `OMS/cmsy/m/n' tried instead on input line 72.
LaTeX Font Info:    Trying to load font information for OML+cmr on input line 72.
 (/nix/store/mhm2m55hkcigi9fv8801i58wjajqnndy-texlive-2024-env-texmfdist/tex/latex/base/omlcmr.fd
File: omlcmr.fd 2023/04/13 v2.5m Standard LaTeX font definitions
)
LaTeX Font Info:    Font shape `OML/cmr/m/n' in size <12> not available
(Font)              Font shape `OML/cmm/m/it' tried instead on input line 72.


[4]

[5]

[6{/nix/store/mhm2m55hkcigi9fv8801i58wjajqnndy-texlive-2024-env-texmfdist/fonts/enc/dvips/cm-super/cm-super-ts1.enc}]
Overfull \hbox (37.20387pt too wide) in paragraph at lines 188--189
[]\OT1/cmr/m/n/12 This will pro-duce a full link: []$\OT1/cmtt/m/n/12 https : / / github . com / aier9500 / aierFedoraNix$[] 
 []



[7]

[8]

[9] (./learningLaTeX.aux)
 ***********
LaTeX2e <2024-06-01> patch level 2
L3 programming layer <2024-10-09>
 ***********
Package rerunfilecheck Info: File `learningLaTeX.out' has not changed.
(rerunfilecheck)             Checksum: B50A2702935E23EB138544585038984D;1067.
 ) 
Here is how much of TeX's memory you used:
 10273 strings out of 473579
 165123 string characters out of 5705100
 563871 words of memory out of 5000000
 33009 multiletter control sequences out of 15000+600000
 571494 words of font info for 88 fonts, out of 8000000 for 9000
 1141 hyphenation exceptions out of 8191
 75i,10n,79p,392b,523s stack positions out of 10000i,1000n,20000p,200000b,200000s
</nix/store/mhm2m55hkcigi9fv8801i58wjajqnndy-texlive-2024-env-texmfdist/fonts/type1/public/amsfonts/cm/cmbx10.pfb></nix/store/mhm2m55hkcigi9fv8801i58wjajqnndy-texlive-2024-env-texmfdist/fonts/type1/public/amsfonts/cm/cmbx12.pfb></nix/store/mhm2m55hkcigi9fv8801i58wjajqnndy-texlive-2024-env-texmfdist/fonts/type1/public/amsfonts/cm/cmcsc10.pfb></nix/store/mhm2m55hkcigi9fv8801i58wjajqnndy-texlive-2024-env-texmfdist/fonts/type1/public/amsfonts/cm/cmex10.pfb></nix/store/mhm2m55hkcigi9fv8801i58wjajqnndy-texlive-2024-env-texmfdist/fonts/type1/public/amsfonts/cm/cmmi10.pfb></nix/store/mhm2m55hkcigi9fv8801i58wjajqnndy-texlive-2024-env-texmfdist/fonts/type1/public/amsfonts/cm/cmmi12.pfb></nix/store/mhm2m55hkcigi9fv8801i58wjajqnndy-texlive-2024-env-texmfdist/fonts/type1/public/amsfonts/cm/cmmi8.pfb></nix/store/mhm2m55hkcigi9fv8801i58wjajqnndy-texlive-2024-env-texmfdist/fonts/type1/public/amsfonts/cm/cmr10.pfb></nix/store/mhm2m55hkcigi9fv8801i58wjajqnndy-texlive-2024-env-texmfdist/fonts/type1/public/amsfonts/cm/cmr12.pfb></nix/store/mhm2m55hkcigi9fv8801i58wjajqnndy-texlive-2024-env-texmfdist/fonts/type1/public/amsfonts/cm/cmr17.pfb></nix/store/mhm2m55hkcigi9fv8801i58wjajqnndy-texlive-2024-env-texmfdist/fonts/type1/public/amsfonts/cm/cmr6.pfb></nix/store/mhm2m55hkcigi9fv8801i58wjajqnndy-texlive-2024-env-texmfdist/fonts/type1/public/amsfonts/cm/cmr8.pfb></nix/store/mhm2m55hkcigi9fv8801i58wjajqnndy-texlive-2024-env-texmfdist/fonts/type1/public/amsfonts/cm/cmsy10.pfb></nix/store/mhm2m55hkcigi9fv8801i58wjajqnndy-texlive-2024-env-texmfdist/fonts/type1/public/amsfonts/cm/cmsy8.pfb></nix/store/mhm2m55hkcigi9fv8801i58wjajqnndy-texlive-2024-env-texmfdist/fonts/type1/public/amsfonts/cm/cmti12.pfb></nix/store/mhm2m55hkcigi9fv8801i58wjajqnndy-texlive-2024-env-texmfdist/fonts/type1/public/amsfonts/cm/cmtt12.pfb></nix/store/mhm2m55hkcigi9fv8801i58wjajqnndy-texlive-2024-env-texmfdist/fonts/type1/public/amsfonts/latxfont/lasy6.pfb></nix/store/mhm2m55hkcigi9fv8801i58wjajqnndy-texlive-2024-env-texmfdist/fonts/type1/public/cm-super/sfrm1200.pfb>
Output written on learningLaTeX.pdf (9 pages, 197166 bytes).
PDF statistics:
 209 PDF objects out of 1000 (max. 8388607)
 160 compressed objects within 2 object streams
 40 named destinations out of 1000 (max. 500000)
 57 words of extra memory for PDF output out of 10000 (max. 10000000)

